<html>
<body>
<pre>
<h1>Vision Build Log</h1>
<h2>Project:</h2>
D:\文件\Desktop\TIM3通用定时器实验\tim3.uvproj
Project File Date:  09/19/2015

<h2>Output:</h2>
Build target 'TIM3'
compiling core_cm3.c...
assembling startup_stm32f10x_hd.s...
compiling main.c...
compiling stm32f10x_it.c...
USER\stm32f10x_it.c(152): warning:  #223-D: function "USART_GetITStatus" declared implicitly
USER\stm32f10x_it.c(152): error:  #20: identifier "USART_IT_RXNE" is undefined
USER\stm32f10x_it.c(154): warning:  #223-D: function "USART_ClearITPendingBit" declared implicitly
USER\stm32f10x_it.c(156): warning:  #223-D: function "USART_ReceiveData" declared implicitly
USER\stm32f10x_it.c(190): warning:  #223-D: function "USART_GetFlagStatus" declared implicitly
USER\stm32f10x_it.c(190): error:  #20: identifier "USART_FLAG_ORE" is undefined
USER\stm32f10x_it.c(192): warning:  #223-D: function "USART_ClearITPendingBit" declared implicitly
USER\stm32f10x_it.c(193): warning:  #223-D: function "USART_ReceiveData" declared implicitly
USER\stm32f10x_it.c(210): warning:  #223-D: function "USART_GetITStatus" declared implicitly
USER\stm32f10x_it.c(210): error:  #20: identifier "USART_IT_RXNE" is undefined
USER\stm32f10x_it.c(212): warning:  #223-D: function "USART_ClearITPendingBit" declared implicitly
USER\stm32f10x_it.c(213): warning:  #223-D: function "USART_ReceiveData" declared implicitly
USER\stm32f10x_it.c(255): error:  #20: identifier "USART_FLAG_ORE" is undefined
USER\stm32f10x_it.c(257): warning:  #223-D: function "USART_ClearITPendingBit" declared implicitly
USER\stm32f10x_it.c(258): warning:  #223-D: function "USART_ReceiveData" declared implicitly
USER\stm32f10x_it.c(282): warning:  #223-D: function "TIM_GetITStatus" declared implicitly
USER\stm32f10x_it.c(282): error:  #20: identifier "TIM_IT_Update" is undefined
USER\stm32f10x_it.c(284): warning:  #223-D: function "TIM_ClearITPendingBit" declared implicitly
compiling system_stm32f10x.c...
compiling delay.c...
compiling sys.c...
HARDWARE\sys\sys.c(12): error:  #20: identifier "GPIO_InitTypeDef" is undefined
HARDWARE\sys\sys.c(13): error:  #20: identifier "GPIO_Pin_4" is undefined
HARDWARE\sys\sys.c(14): error:  #20: identifier "GPIO_Speed_50MHz" is undefined
HARDWARE\sys\sys.c(15): error:  #20: identifier "GPIO_Mode_Out_PP" is undefined
HARDWARE\sys\sys.c(16): warning:  #223-D: function "GPIO_Init" declared implicitly
HARDWARE\sys\sys.c(17): warning:  #223-D: function "GPIO_ResetBits" declared implicitly
HARDWARE\sys\sys.c(31): error:  #20: identifier "GPIO_InitTypeDef" is undefined
HARDWARE\sys\sys.c(32): error:  #20: identifier "USART_InitTypeDef" is undefined
HARDWARE\sys\sys.c(33): error:  #20: identifier "NVIC_InitTypeDef" is undefined
HARDWARE\sys\sys.c(35): warning:  #223-D: function "RCC_APB2PeriphClockCmd" declared implicitly
HARDWARE\sys\sys.c(35): error:  #20: identifier "RCC_APB2Periph_GPIOA" is undefined
HARDWARE\sys\sys.c(36): warning:  #223-D: function "RCC_APB1PeriphClockCmd" declared implicitly
HARDWARE\sys\sys.c(36): error:  #20: identifier "RCC_APB1Periph_USART2" is undefined
HARDWARE\sys\sys.c(38): warning:  #223-D: function "USART_DeInit" declared implicitly
HARDWARE\sys\sys.c(40): error:  #20: identifier "GPIO_Pin_2" is undefined
HARDWARE\sys\sys.c(41): error:  #20: identifier "GPIO_Speed_50MHz" is undefined
HARDWARE\sys\sys.c(42): error:  #20: identifier "GPIO_Mode_AF_PP" is undefined
HARDWARE\sys\sys.c(43): warning:  #223-D: function "GPIO_Init" declared implicitly
HARDWARE\sys\sys.c(45): error:  #20: identifier "GPIO_Pin_3" is undefined
HARDWARE\sys\sys.c(46): error:  #20: identifier "GPIO_Mode_IN_FLOATING" is undefined
HARDWARE\sys\sys.c(50): error:  #20: identifier "USART_WordLength_8b" is undefined
HARDWARE\sys\sys.c(51): error:  #20: identifier "USART_StopBits_1" is undefined
HARDWARE\sys\sys.c(52): error:  #20: identifier "USART_Parity_No" is undefined
HARDWARE\sys\sys.c(53): error:  #20: identifier "USART_HardwareFlowControl_None" is undefined
HARDWARE\sys\sys.c(54): error:  #20: identifier "USART_Mode_Rx" is undefined
HARDWARE\sys\sys.c(54): error:  #20: identifier "USART_Mode_Tx" is undefined
HARDWARE\sys\sys.c(55): warning:  #223-D: function "USART_Init" declared implicitly
HARDWARE\sys\sys.c(58): warning:  #223-D: function "NVIC_PriorityGroupConfig" declared implicitly
HARDWARE\sys\sys.c(58): error:  #20: identifier "NVIC_PriorityGroup_3" is undefined
HARDWARE\sys\sys.c(64): warning:  #223-D: function "NVIC_Init" declared implicitly
HARDWARE\sys\sys.c(66): warning:  #223-D: function "USART_ITConfig" declared implicitly
HARDWARE\sys\sys.c(66): error:  #20: identifier "USART_IT_RXNE" is undefined
HARDWARE\sys\sys.c(67): warning:  #223-D: function "USART_Cmd" declared implicitly
HARDWARE\sys\sys.c(68): warning:  #223-D: function "USART_ClearFlag" declared implicitly
HARDWARE\sys\sys.c(68): error:  #20: identifier "USART_FLAG_TC" is undefined
HARDWARE\sys\sys.c(81): error:  #20: identifier "GPIO_InitTypeDef" is undefined
HARDWARE\sys\sys.c(82): error:  #20: identifier "USART_InitTypeDef" is undefined
HARDWARE\sys\sys.c(83): error:  #20: identifier "NVIC_InitTypeDef" is undefined
HARDWARE\sys\sys.c(85): warning:  #223-D: function "RCC_APB2PeriphClockCmd" declared implicitly
HARDWARE\sys\sys.c(85): error:  #20: identifier "RCC_APB2Periph_GPIOC" is undefined
HARDWARE\sys\sys.c(86): warning:  #223-D: function "RCC_APB1PeriphClockCmd" declared implicitly
HARDWARE\sys\sys.c(86): error:  #20: identifier "RCC_APB1Periph_UART4" is undefined
HARDWARE\sys\sys.c(87): error:  #20: identifier "RCC_APB2Periph_AFIO" is undefined
HARDWARE\sys\sys.c(89): warning:  #223-D: function "USART_DeInit" declared implicitly
HARDWARE\sys\sys.c(91): error:  #20: identifier "GPIO_Pin_10" is undefined
compiling misc.c...
STM32_FWLIB\src\misc.c(99): warning:  #223-D: function "assert_param" declared implicitly
STM32_FWLIB\src\misc.c(117): warning:  #223-D: function "assert_param" declared implicitly
STM32_FWLIB\src\misc.c(159): warning:  #223-D: function "assert_param" declared implicitly
STM32_FWLIB\src\misc.c(178): warning:  #223-D: function "assert_param" declared implicitly
STM32_FWLIB\src\misc.c(202): warning:  #223-D: function "assert_param" declared implicitly
compiling stm32f10x_adc.c...
STM32_FWLIB\src\stm32f10x_adc.c(182): warning:  #223-D: function "assert_param" declared implicitly
STM32_FWLIB\src\stm32f10x_adc.c(223): warning:  #223-D: function "assert_param" declared implicitly
STM32_FWLIB\src\stm32f10x_adc.c(302): warning:  #223-D: function "assert_param" declared implicitly
STM32_FWLIB\src\stm32f10x_adc.c(327): warning:  #223-D: function "assert_param" declared implicitly
STM32_FWLIB\src\stm32f10x_adc.c(357): warning:  #223-D: function "assert_param" declared implicitly
STM32_FWLIB\src\stm32f10x_adc.c(382): warning:  #223-D: function "assert_param" declared implicitly
STM32_FWLIB\src\stm32f10x_adc.c(396): warning:  #223-D: function "assert_param" declared implicitly
STM32_FWLIB\src\stm32f10x_adc.c(420): warning:  #223-D: function "assert_param" declared implicitly
STM32_FWLIB\src\stm32f10x_adc.c(434): warning:  #223-D: function "assert_param" declared implicitly
STM32_FWLIB\src\stm32f10x_adc.c(460): warning:  #223-D: function "assert_param" declared implicitly
STM32_FWLIB\src\stm32f10x_adc.c(485): warning:  #223-D: function "assert_param" declared implicitly
STM32_FWLIB\src\stm32f10x_adc.c(514): warning:  #223-D: function "assert_param" declared implicitly
STM32_FWLIB\src\stm32f10x_adc.c(539): warning:  #223-D: function "assert_param" declared implicitly
STM32_FWLIB\src\stm32f10x_adc.c(594): warning:  #223-D: function "assert_param" declared implicitly
STM32_FWLIB\src\stm32f10x_adc.c(689): warning:  #223-D: function "assert_param" declared implicitly
STM32_FWLIB\src\stm32f10x_adc.c(711): warning:  #223-D: function "assert_param" declared implicitly
STM32_FWLIB\src\stm32f10x_adc.c(737): warning:  #223-D: function "assert_param" declared implicitly
STM32_FWLIB\src\stm32f10x_adc.c(763): warning:  #223-D: function "assert_param" declared implicitly
STM32_FWLIB\src\stm32f10x_adc.c(803): warning:  #223-D: function "assert_param" declared implicitly
STM32_FWLIB\src\stm32f10x_adc.c(827): warning:  #223-D: function "assert_param" declared implicitly
STM32_FWLIB\src\stm32f10x_adc.c(852): warning:  #223-D: function "assert_param" declared implicitly
STM32_FWLIB\src\stm32f10x_adc.c(877): warning:  #223-D: function "assert_param" declared implicitly
STM32_FWLIB\src\stm32f10x_adc.c(934): warning:  #223-D: function "assert_param" declared implicitly
STM32_FWLIB\src\stm32f10x_adc.c(998): warning:  #223-D: function "assert_param" declared implicitly
STM32_FWLIB\src\stm32f10x_adc.c(1030): warning:  #223-D: function "assert_param" declared implicitly
STM32_FWLIB\src\stm32f10x_adc.c(1057): warning:  #223-D: function "assert_param" declared implicitly
STM32_FWLIB\src\stm32f10x_adc.c(1086): warning:  #223-D: function "assert_param" declared implicitly
STM32_FWLIB\src\stm32f10x_adc.c(1111): warning:  #223-D: function "assert_param" declared implicitly
STM32_FWLIB\src\stm32f10x_adc.c(1149): warning:  #223-D: function "assert_param" declared implicitly
STM32_FWLIB\src\stm32f10x_adc.c(1170): warning:  #223-D: function "assert_param" declared implicitly
STM32_FWLIB\src\stm32f10x_adc.c(1199): warning:  #223-D: function "assert_param" declared implicitly
STM32_FWLIB\src\stm32f10x_adc.c(1231): warning:  #223-D: function "assert_param" declared implicitly
STM32_FWLIB\src\stm32f10x_adc.c(1252): warning:  #223-D: function "assert_param" declared implicitly
STM32_FWLIB\src\stm32f10x_adc.c(1287): warning:  #223-D: function "assert_param" declared implicitly
compiling stm32f10x_bkp.c...
STM32_FWLIB\src\stm32f10x_bkp.c(137): warning:  #223-D: function "assert_param" declared implicitly
STM32_FWLIB\src\stm32f10x_bkp.c(150): warning:  #223-D: function "assert_param" declared implicitly
STM32_FWLIB\src\stm32f10x_bkp.c(163): warning:  #223-D: function "assert_param" declared implicitly
STM32_FWLIB\src\stm32f10x_bkp.c(184): warning:  #223-D: function "assert_param" declared implicitly
STM32_FWLIB\src\stm32f10x_bkp.c(205): warning:  #223-D: function "assert_param" declared implicitly
STM32_FWLIB\src\stm32f10x_bkp.c(227): warning:  #223-D: function "assert_param" declared implicitly
STM32_FWLIB\src\stm32f10x_bkp.c(246): warning:  #223-D: function "assert_param" declared implicitly
compiling stm32f10x_can.c...
STM32_FWLIB\src\stm32f10x_can.c(125): warning:  #223-D: function "assert_param" declared implicitly
STM32_FWLIB\src\stm32f10x_can.c(159): warning:  #223-D: function "assert_param" declared implicitly
STM32_FWLIB\src\stm32f10x_can.c(296): warning:  #223-D: function "assert_param" declared implicitly
STM32_FWLIB\src\stm32f10x_can.c(431): warning:  #223-D: function "assert_param" declared implicitly
STM32_FWLIB\src\stm32f10x_can.c(454): warning:  #223-D: function "assert_param" declared implicitly
STM32_FWLIB\src\stm32f10x_can.c(484): warning:  #223-D: function "assert_param" declared implicitly
STM32_FWLIB\src\stm32f10x_can.c(519): warning:  #223-D: function "assert_param" declared implicitly
STM32_FWLIB\src\stm32f10x_can.c(594): warning:  #223-D: function "assert_param" declared implicitly
STM32_FWLIB\src\stm32f10x_can.c(646): warning:  #223-D: function "assert_param" declared implicitly
STM32_FWLIB\src\stm32f10x_can.c(674): warning:  #223-D: function "assert_param" declared implicitly
STM32_FWLIB\src\stm32f10x_can.c(723): warning:  #223-D: function "assert_param" declared implicitly
STM32_FWLIB\src\stm32f10x_can.c(747): warning:  #223-D: function "assert_param" declared implicitly
STM32_FWLIB\src\stm32f10x_can.c(782): warning:  #223-D: function "assert_param" declared implicitly
STM32_FWLIB\src\stm32f10x_can.c(861): warning:  #223-D: function "assert_param" declared implicitly
STM32_FWLIB\src\stm32f10x_can.c(888): warning:  #223-D: function "assert_param" declared implicitly
STM32_FWLIB\src\stm32f10x_can.c(927): warning:  #223-D: function "assert_param" declared implicitly
STM32_FWLIB\src\stm32f10x_can.c(951): warning:  #223-D: function "assert_param" declared implicitly
STM32_FWLIB\src\stm32f10x_can.c(971): warning:  #223-D: function "assert_param" declared implicitly
STM32_FWLIB\src\stm32f10x_can.c(1006): warning:  #223-D: function "assert_param" declared implicitly
STM32_FWLIB\src\stm32f10x_can.c(1048): warning:  #223-D: function "assert_param" declared implicitly
STM32_FWLIB\src\stm32f10x_can.c(1147): warning:  #223-D: function "assert_param" declared implicitly
STM32_FWLIB\src\stm32f10x_can.c(1207): warning:  #223-D: function "assert_param" declared implicitly
STM32_FWLIB\src\stm32f10x_can.c(1309): warning:  #223-D: function "assert_param" declared implicitly
compiling stm32f10x_cec.c...
STM32_FWLIB\src\stm32f10x_cec.c(140): warning:  #223-D: function "assert_param" declared implicitly
STM32_FWLIB\src\stm32f10x_cec.c(167): warning:  #223-D: function "assert_param" declared implicitly
STM32_FWLIB\src\stm32f10x_cec.c(189): warning:  #223-D: function "assert_param" declared implicitly
STM32_FWLIB\src\stm32f10x_cec.c(202): warning:  #223-D: function "assert_param" declared implicitly
STM32_FWLIB\src\stm32f10x_cec.c(216): warning:  #223-D: function "assert_param" declared implicitly
STM32_FWLIB\src\stm32f10x_cec.c(265): warning:  #223-D: function "assert_param" declared implicitly
STM32_FWLIB\src\stm32f10x_cec.c(297): warning:  #223-D: function "assert_param" declared implicitly
STM32_FWLIB\src\stm32f10x_cec.c(354): warning:  #223-D: function "assert_param" declared implicitly
STM32_FWLIB\src\stm32f10x_cec.c(378): warning:  #223-D: function "assert_param" declared implicitly
STM32_FWLIB\src\stm32f10x_cec.c(413): warning:  #223-D: function "assert_param" declared implicitly
compiling stm32f10x_crc.c...
compiling stm32f10x_dac.c...
STM32_FWLIB\src\stm32f10x_dac.c(121): warning:  #223-D: function "assert_param" declared implicitly
STM32_FWLIB\src\stm32f10x_dac.c(176): warning:  #223-D: function "assert_param" declared implicitly
STM32_FWLIB\src\stm32f10x_dac.c(236): warning:  #223-D: function "assert_param" declared implicitly
STM32_FWLIB\src\stm32f10x_dac.c(263): warning:  #223-D: function "assert_param" declared implicitly
STM32_FWLIB\src\stm32f10x_dac.c(287): warning:  #223-D: function "assert_param" declared implicitly
STM32_FWLIB\src\stm32f10x_dac.c(317): warning:  #223-D: function "assert_param" declared implicitly
STM32_FWLIB\src\stm32f10x_dac.c(347): warning:  #223-D: function "assert_param" declared implicitly
STM32_FWLIB\src\stm32f10x_dac.c(372): warning:  #223-D: function "assert_param" declared implicitly
STM32_FWLIB\src\stm32f10x_dac.c(401): warning:  #223-D: function "assert_param" declared implicitly
STM32_FWLIB\src\stm32f10x_dac.c(435): warning:  #223-D: function "assert_param" declared implicitly
compiling stm32f10x_dbgmcu.c...
STM32_FWLIB\src\stm32f10x_dbgmcu.c(137): warning:  #223-D: function "assert_param" declared implicitly
compiling stm32f10x_dma.c...
STM32_FWLIB\src\stm32f10x_dma.c(111): warning:  #223-D: function "assert_param" declared implicitly
STM32_FWLIB\src\stm32f10x_dma.c(207): warning:  #223-D: function "assert_param" declared implicitly
STM32_FWLIB\src\stm32f10x_dma.c(297): warning:  #223-D: function "assert_param" declared implicitly
STM32_FWLIB\src\stm32f10x_dma.c(329): warning:  #223-D: function "assert_param" declared implicitly
STM32_FWLIB\src\stm32f10x_dma.c(356): warning:  #223-D: function "assert_param" declared implicitly
STM32_FWLIB\src\stm32f10x_dma.c(374): warning:  #223-D: function "assert_param" declared implicitly
STM32_FWLIB\src\stm32f10x_dma.c(439): warning:  #223-D: function "assert_param" declared implicitly
STM32_FWLIB\src\stm32f10x_dma.c(526): warning:  #223-D: function "assert_param" declared implicitly
STM32_FWLIB\src\stm32f10x_dma.c(601): warning:  #223-D: function "assert_param" declared implicitly
STM32_FWLIB\src\stm32f10x_dma.c(687): warning:  #223-D: function "assert_param" declared implicitly
compiling stm32f10x_exti.c...
STM32_FWLIB\src\stm32f10x_exti.c(106): warning:  #223-D: function "assert_param" declared implicitly
STM32_FWLIB\src\stm32f10x_exti.c(174): warning:  #223-D: function "assert_param" declared implicitly
STM32_FWLIB\src\stm32f10x_exti.c(190): warning:  #223-D: function "assert_param" declared implicitly
STM32_FWLIB\src\stm32f10x_exti.c(212): warning:  #223-D: function "assert_param" declared implicitly
STM32_FWLIB\src\stm32f10x_exti.c(229): warning:  #223-D: function "assert_param" declared implicitly
STM32_FWLIB\src\stm32f10x_exti.c(252): warning:  #223-D: function "assert_param" declared implicitly
compiling stm32f10x_flash.c...
STM32_FWLIB\src\stm32f10x_flash.c(259): warning:  #223-D: function "assert_param" declared implicitly
STM32_FWLIB\src\stm32f10x_flash.c(284): warning:  #223-D: function "assert_param" declared implicitly
STM32_FWLIB\src\stm32f10x_flash.c(303): warning:  #223-D: function "assert_param" declared implicitly
STM32_FWLIB\src\stm32f10x_flash.c(423): warning:  #223-D: function "assert_param" declared implicitly
STM32_FWLIB\src\stm32f10x_flash.c(687): warning:  #223-D: function "assert_param" declared implicitly
STM32_FWLIB\src\stm32f10x_flash.c(862): warning:  #223-D: function "assert_param" declared implicitly
STM32_FWLIB\src\stm32f10x_flash.c(933): warning:  #223-D: function "assert_param" declared implicitly
STM32_FWLIB\src\stm32f10x_flash.c(982): warning:  #223-D: function "assert_param" declared implicitly
STM32_FWLIB\src\stm32f10x_flash.c(1053): warning:  #223-D: function "assert_param" declared implicitly
STM32_FWLIB\src\stm32f10x_flash.c(1123): warning:  #223-D: function "assert_param" declared implicitly
STM32_FWLIB\src\stm32f10x_flash.c(1325): warning:  #223-D: function "assert_param" declared implicitly
STM32_FWLIB\src\stm32f10x_flash.c(1402): warning:  #223-D: function "assert_param" declared implicitly
STM32_FWLIB\src\stm32f10x_flash.c(1462): warning:  #223-D: function "assert_param" declared implicitly
compiling stm32f10x_fsmc.c...
STM32_FWLIB\src\stm32f10x_fsmc.c(105): warning:  #223-D: function "assert_param" declared implicitly
STM32_FWLIB\src\stm32f10x_fsmc.c(132): warning:  #223-D: function "assert_param" declared implicitly
STM32_FWLIB\src\stm32f10x_fsmc.c(179): warning:  #223-D: function "assert_param" declared implicitly
STM32_FWLIB\src\stm32f10x_fsmc.c(267): warning:  #223-D: function "assert_param" declared implicitly
STM32_FWLIB\src\stm32f10x_fsmc.c(331): warning:  #223-D: function "assert_param" declared implicitly
STM32_FWLIB\src\stm32f10x_fsmc.c(477): warning:  #223-D: function "assert_param" declared implicitly
STM32_FWLIB\src\stm32f10x_fsmc.c(503): warning:  #223-D: function "assert_param" declared implicitly
STM32_FWLIB\src\stm32f10x_fsmc.c(540): warning:  #223-D: function "assert_param" declared implicitly
STM32_FWLIB\src\stm32f10x_fsmc.c(566): warning:  #223-D: function "assert_param" declared implicitly
STM32_FWLIB\src\stm32f10x_fsmc.c(639): warning:  #223-D: function "assert_param" declared implicitly
STM32_FWLIB\src\stm32f10x_fsmc.c(703): warning:  #223-D: function "assert_param" declared implicitly
STM32_FWLIB\src\stm32f10x_fsmc.c(750): warning:  #223-D: function "assert_param" declared implicitly
STM32_FWLIB\src\stm32f10x_fsmc.c(788): warning:  #223-D: function "assert_param" declared implicitly
STM32_FWLIB\src\stm32f10x_fsmc.c(836): warning:  #223-D: function "assert_param" declared implicitly
compiling stm32f10x_gpio.c...
STM32_FWLIB\src\stm32f10x_gpio.c(111): warning:  #223-D: function "assert_param" declared implicitly
STM32_FWLIB\src\stm32f10x_gpio.c(178): warning:  #223-D: function "assert_param" declared implicitly
STM32_FWLIB\src\stm32f10x_gpio.c(286): warning:  #223-D: function "assert_param" declared implicitly
STM32_FWLIB\src\stm32f10x_gpio.c(308): warning:  #223-D: function "assert_param" declared implicitly
STM32_FWLIB\src\stm32f10x_gpio.c(324): warning:  #223-D: function "assert_param" declared implicitly
STM32_FWLIB\src\stm32f10x_gpio.c(346): warning:  #223-D: function "assert_param" declared implicitly
STM32_FWLIB\src\stm32f10x_gpio.c(361): warning:  #223-D: function "assert_param" declared implicitly
STM32_FWLIB\src\stm32f10x_gpio.c(377): warning:  #223-D: function "assert_param" declared implicitly
STM32_FWLIB\src\stm32f10x_gpio.c(397): warning:  #223-D: function "assert_param" declared implicitly
STM32_FWLIB\src\stm32f10x_gpio.c(420): warning:  #223-D: function "assert_param" declared implicitly
STM32_FWLIB\src\stm32f10x_gpio.c(437): warning:  #223-D: function "assert_param" declared implicitly
STM32_FWLIB\src\stm32f10x_gpio.c(466): warning:  #223-D: function "assert_param" declared implicitly
STM32_FWLIB\src\stm32f10x_gpio.c(486): warning:  #223-D: function "assert_param" declared implicitly
STM32_FWLIB\src\stm32f10x_gpio.c(554): warning:  #223-D: function "assert_param" declared implicitly
STM32_FWLIB\src\stm32f10x_gpio.c(613): warning:  #223-D: function "assert_param" declared implicitly
STM32_FWLIB\src\stm32f10x_gpio.c(632): warning:  #223-D: function "assert_param" declared implicitly
compiling stm32f10x_i2c.c...
STM32_FWLIB\src\stm32f10x_i2c.c(165): warning:  #223-D: function "assert_param" declared implicitly
STM32_FWLIB\src\stm32f10x_i2c.c(198): warning:  #223-D: function "assert_param" declared implicitly
STM32_FWLIB\src\stm32f10x_i2c.c(325): warning:  #223-D: function "assert_param" declared implicitly
STM32_FWLIB\src\stm32f10x_i2c.c(349): warning:  #223-D: function "assert_param" declared implicitly
STM32_FWLIB\src\stm32f10x_i2c.c(373): warning:  #223-D: function "assert_param" declared implicitly
STM32_FWLIB\src\stm32f10x_i2c.c(397): warning:  #223-D: function "assert_param" declared implicitly
STM32_FWLIB\src\stm32f10x_i2c.c(421): warning:  #223-D: function "assert_param" declared implicitly
STM32_FWLIB\src\stm32f10x_i2c.c(445): warning:  #223-D: function "assert_param" declared implicitly
STM32_FWLIB\src\stm32f10x_i2c.c(470): warning:  #223-D: function "assert_param" declared implicitly
STM32_FWLIB\src\stm32f10x_i2c.c(495): warning:  #223-D: function "assert_param" declared implicitly
STM32_FWLIB\src\stm32f10x_i2c.c(519): warning:  #223-D: function "assert_param" declared implicitly
STM32_FWLIB\src\stm32f10x_i2c.c(548): warning:  #223-D: function "assert_param" declared implicitly
STM32_FWLIB\src\stm32f10x_i2c.c(573): warning:  #223-D: function "assert_param" declared implicitly
STM32_FWLIB\src\stm32f10x_i2c.c(586): warning:  #223-D: function "assert_param" declared implicitly
STM32_FWLIB\src\stm32f10x_i2c.c(604): warning:  #223-D: function "assert_param" declared implicitly
STM32_FWLIB\src\stm32f10x_i2c.c(641): warning:  #223-D: function "assert_param" declared implicitly
STM32_FWLIB\src\stm32f10x_i2c.c(661): warning:  #223-D: function "assert_param" declared implicitly
STM32_FWLIB\src\stm32f10x_i2c.c(699): warning:  #223-D: function "assert_param" declared implicitly
STM32_FWLIB\src\stm32f10x_i2c.c(727): warning:  #223-D: function "assert_param" declared implicitly
STM32_FWLIB\src\stm32f10x_i2c.c(751): warning:  #223-D: function "assert_param" declared implicitly
STM32_FWLIB\src\stm32f10x_i2c.c(782): warning:  #223-D: function "assert_param" declared implicitly
STM32_FWLIB\src\stm32f10x_i2c.c(806): warning:  #223-D: function "assert_param" declared implicitly
STM32_FWLIB\src\stm32f10x_i2c.c(828): warning:  #223-D: function "assert_param" declared implicitly
STM32_FWLIB\src\stm32f10x_i2c.c(843): warning:  #223-D: function "assert_param" declared implicitly
STM32_FWLIB\src\stm32f10x_i2c.c(867): warning:  #223-D: function "assert_param" declared implicitly
STM32_FWLIB\src\stm32f10x_i2c.c(893): warning:  #223-D: function "assert_param" declared implicitly
STM32_FWLIB\src\stm32f10x_i2c.c(1037): warning:  #223-D: function "assert_param" declared implicitly
STM32_FWLIB\src\stm32f10x_i2c.c(1084): warning:  #223-D: function "assert_param" declared implicitly
STM32_FWLIB\src\stm32f10x_i2c.c(1139): warning:  #223-D: function "assert_param" declared implicitly
STM32_FWLIB\src\stm32f10x_i2c.c(1216): warning:  #223-D: function "assert_param" declared implicitly
STM32_FWLIB\src\stm32f10x_i2c.c(1252): warning:  #223-D: function "assert_param" declared implicitly
STM32_FWLIB\src\stm32f10x_i2c.c(1311): warning:  #223-D: function "assert_param" declared implicitly
compiling stm32f10x_iwdg.c...
STM32_FWLIB\src\stm32f10x_iwdg.c(95): warning:  #223-D: function "assert_param" declared implicitly
STM32_FWLIB\src\stm32f10x_iwdg.c(115): warning:  #223-D: function "assert_param" declared implicitly
STM32_FWLIB\src\stm32f10x_iwdg.c(128): warning:  #223-D: function "assert_param" declared implicitly
STM32_FWLIB\src\stm32f10x_iwdg.c(165): warning:  #223-D: function "assert_param" declared implicitly
compiling stm32f10x_pwr.c...
STM32_FWLIB\src\stm32f10x_pwr.c(127): warning:  #223-D: function "assert_param" declared implicitly
STM32_FWLIB\src\stm32f10x_pwr.c(140): warning:  #223-D: function "assert_param" declared implicitly
STM32_FWLIB\src\stm32f10x_pwr.c(162): warning:  #223-D: function "assert_param" declared implicitly
STM32_FWLIB\src\stm32f10x_pwr.c(181): warning:  #223-D: function "assert_param" declared implicitly
STM32_FWLIB\src\stm32f10x_pwr.c(201): warning:  #223-D: function "assert_param" declared implicitly
STM32_FWLIB\src\stm32f10x_pwr.c(265): warning:  #223-D: function "assert_param" declared implicitly
STM32_FWLIB\src\stm32f10x_pwr.c(290): warning:  #223-D: function "assert_param" declared implicitly
compiling stm32f10x_rcc.c...
STM32_FWLIB\src\stm32f10x_rcc.c(273): warning:  #223-D: function "assert_param" declared implicitly
STM32_FWLIB\src\stm32f10x_rcc.c(338): warning:  #223-D: function "assert_param" declared implicitly
STM32_FWLIB\src\stm32f10x_rcc.c(357): warning:  #223-D: function "assert_param" declared implicitly
STM32_FWLIB\src\stm32f10x_rcc.c(383): warning:  #223-D: function "assert_param" declared implicitly
STM32_FWLIB\src\stm32f10x_rcc.c(404): warning:  #223-D: function "assert_param" declared implicitly
STM32_FWLIB\src\stm32f10x_rcc.c(568): warning:  #223-D: function "assert_param" declared implicitly
STM32_FWLIB\src\stm32f10x_rcc.c(612): warning:  #223-D: function "assert_param" declared implicitly
STM32_FWLIB\src\stm32f10x_rcc.c(638): warning:  #223-D: function "assert_param" declared implicitly
STM32_FWLIB\src\stm32f10x_rcc.c(664): warning:  #223-D: function "assert_param" declared implicitly
STM32_FWLIB\src\stm32f10x_rcc.c(703): warning:  #223-D: function "assert_param" declared implicitly
STM32_FWLIB\src\stm32f10x_rcc.c(731): warning:  #223-D: function "assert_param" declared implicitly
STM32_FWLIB\src\stm32f10x_rcc.c(770): warning:  #223-D: function "assert_param" declared implicitly
STM32_FWLIB\src\stm32f10x_rcc.c(832): warning:  #223-D: function "assert_param" declared implicitly
STM32_FWLIB\src\stm32f10x_rcc.c(865): warning:  #223-D: function "assert_param" declared implicitly
STM32_FWLIB\src\stm32f10x_rcc.c(882): warning:  #223-D: function "assert_param" declared implicitly
STM32_FWLIB\src\stm32f10x_rcc.c(896): warning:  #223-D: function "assert_param" declared implicitly
STM32_FWLIB\src\stm32f10x_rcc.c(1067): warning:  #223-D: function "assert_param" declared implicitly
STM32_FWLIB\src\stm32f10x_rcc.c(1098): warning:  #223-D: function "assert_param" declared implicitly
STM32_FWLIB\src\stm32f10x_rcc.c(1129): warning:  #223-D: function "assert_param" declared implicitly
STM32_FWLIB\src\stm32f10x_rcc.c(1188): warning:  #223-D: function "assert_param" declared implicitly
STM32_FWLIB\src\stm32f10x_rcc.c(1219): warning:  #223-D: function "assert_param" declared implicitly
STM32_FWLIB\src\stm32f10x_rcc.c(1240): warning:  #223-D: function "assert_param" declared implicitly
STM32_FWLIB\src\stm32f10x_rcc.c(1253): warning:  #223-D: function "assert_param" declared implicitly
STM32_FWLIB\src\stm32f10x_rcc.c(1285): warning:  #223-D: function "assert_param" declared implicitly
STM32_FWLIB\src\stm32f10x_rcc.c(1332): warning:  #223-D: function "assert_param" declared implicitly
STM32_FWLIB\src\stm32f10x_rcc.c(1406): warning:  #223-D: function "assert_param" declared implicitly
STM32_FWLIB\src\stm32f10x_rcc.c(1451): warning:  #223-D: function "assert_param" declared implicitly
compiling stm32f10x_rtc.c...
STM32_FWLIB\src\stm32f10x_rtc.c(93): warning:  #223-D: function "assert_param" declared implicitly
STM32_FWLIB\src\stm32f10x_rtc.c(163): warning:  #223-D: function "assert_param" declared implicitly
STM32_FWLIB\src\stm32f10x_rtc.c(249): warning:  #223-D: function "assert_param" declared implicitly
STM32_FWLIB\src\stm32f10x_rtc.c(276): warning:  #223-D: function "assert_param" declared implicitly
STM32_FWLIB\src\stm32f10x_rtc.c(295): warning:  #223-D: function "assert_param" declared implicitly
STM32_FWLIB\src\stm32f10x_rtc.c(321): warning:  #223-D: function "assert_param" declared implicitly
compiling stm32f10x_sdio.c...
STM32_FWLIB\src\stm32f10x_sdio.c(186): warning:  #223-D: function "assert_param" declared implicitly
STM32_FWLIB\src\stm32f10x_sdio.c(238): warning:  #223-D: function "assert_param" declared implicitly
STM32_FWLIB\src\stm32f10x_sdio.c(254): warning:  #223-D: function "assert_param" declared implicitly
STM32_FWLIB\src\stm32f10x_sdio.c(310): warning:  #223-D: function "assert_param" declared implicitly
STM32_FWLIB\src\stm32f10x_sdio.c(334): warning:  #223-D: function "assert_param" declared implicitly
STM32_FWLIB\src\stm32f10x_sdio.c(351): warning:  #223-D: function "assert_param" declared implicitly
STM32_FWLIB\src\stm32f10x_sdio.c(417): warning:  #223-D: function "assert_param" declared implicitly
STM32_FWLIB\src\stm32f10x_sdio.c(436): warning:  #223-D: function "assert_param" declared implicitly
STM32_FWLIB\src\stm32f10x_sdio.c(532): warning:  #223-D: function "assert_param" declared implicitly
STM32_FWLIB\src\stm32f10x_sdio.c(546): warning:  #223-D: function "assert_param" declared implicitly
STM32_FWLIB\src\stm32f10x_sdio.c(562): warning:  #223-D: function "assert_param" declared implicitly
STM32_FWLIB\src\stm32f10x_sdio.c(576): warning:  #223-D: function "assert_param" declared implicitly
STM32_FWLIB\src\stm32f10x_sdio.c(590): warning:  #223-D: function "assert_param" declared implicitly
STM32_FWLIB\src\stm32f10x_sdio.c(604): warning:  #223-D: function "assert_param" declared implicitly
STM32_FWLIB\src\stm32f10x_sdio.c(617): warning:  #223-D: function "assert_param" declared implicitly
STM32_FWLIB\src\stm32f10x_sdio.c(630): warning:  #223-D: function "assert_param" declared implicitly
STM32_FWLIB\src\stm32f10x_sdio.c(671): warning:  #223-D: function "assert_param" declared implicitly
STM32_FWLIB\src\stm32f10x_sdio.c(707): warning:  #223-D: function "assert_param" declared implicitly
STM32_FWLIB\src\stm32f10x_sdio.c(748): warning:  #223-D: function "assert_param" declared implicitly
STM32_FWLIB\src\stm32f10x_sdio.c(782): warning:  #223-D: function "assert_param" declared implicitly
compiling stm32f10x_spi.c...
STM32_FWLIB\src\stm32f10x_spi.c(122): warning:  #223-D: function "assert_param" declared implicitly
STM32_FWLIB\src\stm32f10x_spi.c(163): warning:  #223-D: function "assert_param" declared implicitly
STM32_FWLIB\src\stm32f10x_spi.c(227): warning:  #223-D: function "assert_param" declared implicitly
STM32_FWLIB\src\stm32f10x_spi.c(430): warning:  #223-D: function "assert_param" declared implicitly
STM32_FWLIB\src\stm32f10x_spi.c(454): warning:  #223-D: function "assert_param" declared implicitly
STM32_FWLIB\src\stm32f10x_spi.c(486): warning:  #223-D: function "assert_param" declared implicitly
STM32_FWLIB\src\stm32f10x_spi.c(524): warning:  #223-D: function "assert_param" declared implicitly
STM32_FWLIB\src\stm32f10x_spi.c(550): warning:  #223-D: function "assert_param" declared implicitly
STM32_FWLIB\src\stm32f10x_spi.c(566): warning:  #223-D: function "assert_param" declared implicitly
STM32_FWLIB\src\stm32f10x_spi.c(584): warning:  #223-D: function "assert_param" declared implicitly
STM32_FWLIB\src\stm32f10x_spi.c(608): warning:  #223-D: function "assert_param" declared implicitly
STM32_FWLIB\src\stm32f10x_spi.c(634): warning:  #223-D: function "assert_param" declared implicitly
STM32_FWLIB\src\stm32f10x_spi.c(650): warning:  #223-D: function "assert_param" declared implicitly
STM32_FWLIB\src\stm32f10x_spi.c(666): warning:  #223-D: function "assert_param" declared implicitly
STM32_FWLIB\src\stm32f10x_spi.c(693): warning:  #223-D: function "assert_param" declared implicitly
STM32_FWLIB\src\stm32f10x_spi.c(717): warning:  #223-D: function "assert_param" declared implicitly
STM32_FWLIB\src\stm32f10x_spi.c(735): warning:  #223-D: function "assert_param" declared implicitly
STM32_FWLIB\src\stm32f10x_spi.c(770): warning:  #223-D: function "assert_param" declared implicitly
STM32_FWLIB\src\stm32f10x_spi.c(807): warning:  #223-D: function "assert_param" declared implicitly
STM32_FWLIB\src\stm32f10x_spi.c(835): warning:  #223-D: function "assert_param" declared implicitly
STM32_FWLIB\src\stm32f10x_spi.c(887): warning:  #223-D: function "assert_param" declared implicitly
compiling stm32f10x_tim.c...
STM32_FWLIB\src\stm32f10x_tim.c(125): warning:  #223-D: function "assert_param" declared implicitly
STM32_FWLIB\src\stm32f10x_tim.c(231): warning:  #223-D: function "assert_param" declared implicitly
STM32_FWLIB\src\stm32f10x_tim.c(284): warning:  #223-D: function "assert_param" declared implicitly
STM32_FWLIB\src\stm32f10x_tim.c(367): warning:  #223-D: function "assert_param" declared implicitly
STM32_FWLIB\src\stm32f10x_tim.c(449): warning:  #223-D: function "assert_param" declared implicitly
STM32_FWLIB\src\stm32f10x_tim.c(528): warning:  #223-D: function "assert_param" declared implicitly
STM32_FWLIB\src\stm32f10x_tim.c(590): warning:  #223-D: function "assert_param" declared implicitly
STM32_FWLIB\src\stm32f10x_tim.c(659): warning:  #223-D: function "assert_param" declared implicitly
STM32_FWLIB\src\stm32f10x_tim.c(715): warning:  #223-D: function "assert_param" declared implicitly
STM32_FWLIB\src\stm32f10x_tim.c(809): warning:  #223-D: function "assert_param" declared implicitly
STM32_FWLIB\src\stm32f10x_tim.c(834): warning:  #223-D: function "assert_param" declared implicitly
STM32_FWLIB\src\stm32f10x_tim.c(875): warning:  #223-D: function "assert_param" declared implicitly
STM32_FWLIB\src\stm32f10x_tim.c(912): warning:  #223-D: function "assert_param" declared implicitly
STM32_FWLIB\src\stm32f10x_tim.c(940): warning:  #223-D: function "assert_param" declared implicitly
STM32_FWLIB\src\stm32f10x_tim.c(967): warning:  #223-D: function "assert_param" declared implicitly
STM32_FWLIB\src\stm32f10x_tim.c(992): warning:  #223-D: function "assert_param" declared implicitly
STM32_FWLIB\src\stm32f10x_tim.c(1011): warning:  #223-D: function "assert_param" declared implicitly
STM32_FWLIB\src\stm32f10x_tim.c(1039): warning:  #223-D: function "assert_param" declared implicitly
STM32_FWLIB\src\stm32f10x_tim.c(1080): warning:  #223-D: function "assert_param" declared implicitly
STM32_FWLIB\src\stm32f10x_tim.c(1121): warning:  #223-D: function "assert_param" declared implicitly
STM32_FWLIB\src\stm32f10x_tim.c(1153): warning:  #223-D: function "assert_param" declared implicitly
STM32_FWLIB\src\stm32f10x_tim.c(1179): warning:  #223-D: function "assert_param" declared implicitly
STM32_FWLIB\src\stm32f10x_tim.c(1203): warning:  #223-D: function "assert_param" declared implicitly
STM32_FWLIB\src\stm32f10x_tim.c(1233): warning:  #223-D: function "assert_param" declared implicitly
STM32_FWLIB\src\stm32f10x_tim.c(1272): warning:  #223-D: function "assert_param" declared implicitly
STM32_FWLIB\src\stm32f10x_tim.c(1319): warning:  #223-D: function "assert_param" declared implicitly
STM32_FWLIB\src\stm32f10x_tim.c(1343): warning:  #223-D: function "assert_param" declared implicitly
STM32_FWLIB\src\stm32f10x_tim.c(1367): warning:  #223-D: function "assert_param" declared implicitly
STM32_FWLIB\src\stm32f10x_tim.c(1391): warning:  #223-D: function "assert_param" declared implicitly
STM32_FWLIB\src\stm32f10x_tim.c(1412): warning:  #223-D: function "assert_param" declared implicitly
STM32_FWLIB\src\stm32f10x_tim.c(1436): warning:  #223-D: function "assert_param" declared implicitly
STM32_FWLIB\src\stm32f10x_tim.c(1461): warning:  #223-D: function "assert_param" declared implicitly
STM32_FWLIB\src\stm32f10x_tim.c(1486): warning:  #223-D: function "assert_param" declared implicitly
STM32_FWLIB\src\stm32f10x_tim.c(1513): warning:  #223-D: function "assert_param" declared implicitly
STM32_FWLIB\src\stm32f10x_tim.c(1538): warning:  #223-D: function "assert_param" declared implicitly
STM32_FWLIB\src\stm32f10x_tim.c(1562): warning:  #223-D: function "assert_param" declared implicitly
STM32_FWLIB\src\stm32f10x_tim.c(1586): warning:  #223-D: function "assert_param" declared implicitly
STM32_FWLIB\src\stm32f10x_tim.c(1610): warning:  #223-D: function "assert_param" declared implicitly
STM32_FWLIB\src\stm32f10x_tim.c(1636): warning:  #223-D: function "assert_param" declared implicitly
STM32_FWLIB\src\stm32f10x_tim.c(1661): warning:  #223-D: function "assert_param" declared implicitly
STM32_FWLIB\src\stm32f10x_tim.c(1686): warning:  #223-D: function "assert_param" declared implicitly
STM32_FWLIB\src\stm32f10x_tim.c(1711): warning:  #223-D: function "assert_param" declared implicitly
STM32_FWLIB\src\stm32f10x_tim.c(1737): warning:  #223-D: function "assert_param" declared implicitly
STM32_FWLIB\src\stm32f10x_tim.c(1761): warning:  #223-D: function "assert_param" declared implicitly
STM32_FWLIB\src\stm32f10x_tim.c(1785): warning:  #223-D: function "assert_param" declared implicitly
STM32_FWLIB\src\stm32f10x_tim.c(1809): warning:  #223-D: function "assert_param" declared implicitly
STM32_FWLIB\src\stm32f10x_tim.c(1832): warning:  #223-D: function "assert_param" declared implicitly
STM32_FWLIB\src\stm32f10x_tim.c(1856): warning:  #223-D: function "assert_param" declared implicitly
STM32_FWLIB\src\stm32f10x_tim.c(1879): warning:  #223-D: function "assert_param" declared implicitly
STM32_FWLIB\src\stm32f10x_tim.c(1903): warning:  #223-D: function "assert_param" declared implicitly
STM32_FWLIB\src\stm32f10x_tim.c(1927): warning:  #223-D: function "assert_param" declared implicitly
STM32_FWLIB\src\stm32f10x_tim.c(1951): warning:  #223-D: function "assert_param" declared implicitly
STM32_FWLIB\src\stm32f10x_tim.c(1979): warning:  #223-D: function "assert_param" declared implicitly
STM32_FWLIB\src\stm32f10x_tim.c(2009): warning:  #223-D: function "assert_param" declared implicitly
STM32_FWLIB\src\stm32f10x_tim.c(2051): warning:  #223-D: function "assert_param" declared implicitly
STM32_FWLIB\src\stm32f10x_tim.c(2095): warning:  #223-D: function "assert_param" declared implicitly
STM32_FWLIB\src\stm32f10x_tim.c(2123): warning:  #223-D: function "assert_param" declared implicitly
STM32_FWLIB\src\stm32f10x_tim.c(2147): warning:  #223-D: function "assert_param" declared implicitly
STM32_FWLIB\src\stm32f10x_tim.c(2173): warning:  #223-D: function "assert_param" declared implicitly
STM32_FWLIB\src\stm32f10x_tim.c(2205): warning:  #223-D: function "assert_param" declared implicitly
STM32_FWLIB\src\stm32f10x_tim.c(2228): warning:  #223-D: function "assert_param" declared implicitly
STM32_FWLIB\src\stm32f10x_tim.c(2249): warning:  #223-D: function "assert_param" declared implicitly
STM32_FWLIB\src\stm32f10x_tim.c(2267): warning:  #223-D: function "assert_param" declared implicitly
STM32_FWLIB\src\stm32f10x_tim.c(2281): warning:  #223-D: function "assert_param" declared implicitly
STM32_FWLIB\src\stm32f10x_tim.c(2295): warning:  #223-D: function "assert_param" declared implicitly
STM32_FWLIB\src\stm32f10x_tim.c(2309): warning:  #223-D: function "assert_param" declared implicitly
STM32_FWLIB\src\stm32f10x_tim.c(2323): warning:  #223-D: function "assert_param" declared implicitly
STM32_FWLIB\src\stm32f10x_tim.c(2337): warning:  #223-D: function "assert_param" declared implicitly
STM32_FWLIB\src\stm32f10x_tim.c(2356): warning:  #223-D: function "assert_param" declared implicitly
STM32_FWLIB\src\stm32f10x_tim.c(2378): warning:  #223-D: function "assert_param" declared implicitly
STM32_FWLIB\src\stm32f10x_tim.c(2400): warning:  #223-D: function "assert_param" declared implicitly
STM32_FWLIB\src\stm32f10x_tim.c(2422): warning:  #223-D: function "assert_param" declared implicitly
STM32_FWLIB\src\stm32f10x_tim.c(2444): warning:  #223-D: function "assert_param" declared implicitly
STM32_FWLIB\src\stm32f10x_tim.c(2460): warning:  #223-D: function "assert_param" declared implicitly
STM32_FWLIB\src\stm32f10x_tim.c(2473): warning:  #223-D: function "assert_param" declared implicitly
STM32_FWLIB\src\stm32f10x_tim.c(2486): warning:  #223-D: function "assert_param" declared implicitly
STM32_FWLIB\src\stm32f10x_tim.c(2499): warning:  #223-D: function "assert_param" declared implicitly
STM32_FWLIB\src\stm32f10x_tim.c(2512): warning:  #223-D: function "assert_param" declared implicitly
STM32_FWLIB\src\stm32f10x_tim.c(2525): warning:  #223-D: function "assert_param" declared implicitly
STM32_FWLIB\src\stm32f10x_tim.c(2560): warning:  #223-D: function "assert_param" declared implicitly
STM32_FWLIB\src\stm32f10x_tim.c(2603): warning:  #223-D: function "assert_param" declared implicitly
STM32_FWLIB\src\stm32f10x_tim.c(2637): warning:  #223-D: function "assert_param" declared implicitly
STM32_FWLIB\src\stm32f10x_tim.c(2679): warning:  #223-D: function "assert_param" declared implicitly
compiling stm32f10x_usart.c...
STM32_FWLIB\src\stm32f10x_usart.c(133): warning:  #223-D: function "assert_param" declared implicitly
STM32_FWLIB\src\stm32f10x_usart.c(184): warning:  #223-D: function "assert_param" declared implicitly
STM32_FWLIB\src\stm32f10x_usart.c(306): warning:  #223-D: function "assert_param" declared implicitly
STM32_FWLIB\src\stm32f10x_usart.c(354): warning:  #223-D: function "assert_param" declared implicitly
STM32_FWLIB\src\stm32f10x_usart.c(393): warning:  #223-D: function "assert_param" declared implicitly
STM32_FWLIB\src\stm32f10x_usart.c(451): warning:  #223-D: function "assert_param" declared implicitly
STM32_FWLIB\src\stm32f10x_usart.c(479): warning:  #223-D: function "assert_param" declared implicitly
STM32_FWLIB\src\stm32f10x_usart.c(502): warning:  #223-D: function "assert_param" declared implicitly
STM32_FWLIB\src\stm32f10x_usart.c(521): warning:  #223-D: function "assert_param" declared implicitly
STM32_FWLIB\src\stm32f10x_usart.c(550): warning:  #223-D: function "assert_param" declared implicitly
STM32_FWLIB\src\stm32f10x_usart.c(569): warning:  #223-D: function "assert_param" declared implicitly
STM32_FWLIB\src\stm32f10x_usart.c(595): warning:  #223-D: function "assert_param" declared implicitly
STM32_FWLIB\src\stm32f10x_usart.c(612): warning:  #223-D: function "assert_param" declared implicitly
STM32_FWLIB\src\stm32f10x_usart.c(628): warning:  #223-D: function "assert_param" declared implicitly
STM32_FWLIB\src\stm32f10x_usart.c(644): warning:  #223-D: function "assert_param" declared implicitly
STM32_FWLIB\src\stm32f10x_usart.c(664): warning:  #223-D: function "assert_param" declared implicitly
STM32_FWLIB\src\stm32f10x_usart.c(683): warning:  #223-D: function "assert_param" declared implicitly
STM32_FWLIB\src\stm32f10x_usart.c(708): warning:  #223-D: function "assert_param" declared implicitly
STM32_FWLIB\src\stm32f10x_usart.c(734): warning:  #223-D: function "assert_param" declared implicitly
STM32_FWLIB\src\stm32f10x_usart.c(765): warning:  #223-D: function "assert_param" declared implicitly
STM32_FWLIB\src\stm32f10x_usart.c(792): warning:  #223-D: function "assert_param" declared implicitly
STM32_FWLIB\src\stm32f10x_usart.c(821): warning:  #223-D: function "assert_param" declared implicitly
STM32_FWLIB\src\stm32f10x_usart.c(840): warning:  #223-D: function "assert_param" declared implicitly
STM32_FWLIB\src\stm32f10x_usart.c(878): warning:  #223-D: function "assert_param" declared implicitly
STM32_FWLIB\src\stm32f10x_usart.c(926): warning:  #223-D: function "assert_param" declared implicitly
STM32_FWLIB\src\stm32f10x_usart.c(961): warning:  #223-D: function "assert_param" declared implicitly
STM32_FWLIB\src\stm32f10x_usart.c(1034): warning:  #223-D: function "assert_param" declared implicitly
compiling stm32f10x_wwdg.c...
STM32_FWLIB\src\stm32f10x_wwdg.c(122): warning:  #223-D: function "assert_param" declared implicitly
STM32_FWLIB\src\stm32f10x_wwdg.c(142): warning:  #223-D: function "assert_param" declared implicitly
STM32_FWLIB\src\stm32f10x_wwdg.c(173): warning:  #223-D: function "assert_param" declared implicitly
STM32_FWLIB\src\stm32f10x_wwdg.c(188): warning:  #223-D: function "assert_param" declared implicitly
Target not created
Build target 'TIM3'
compiling core_cm3.c...
compiling main.c...
compiling stm32f10x_it.c...
compiling system_stm32f10x.c...
compiling delay.c...
compiling sys.c...
compiling misc.c...
compiling stm32f10x_adc.c...
compiling stm32f10x_bkp.c...
compiling stm32f10x_can.c...
compiling stm32f10x_cec.c...
compiling stm32f10x_crc.c...
compiling stm32f10x_dac.c...
compiling stm32f10x_dbgmcu.c...
compiling stm32f10x_dma.c...
compiling stm32f10x_exti.c...
compiling stm32f10x_flash.c...
compiling stm32f10x_fsmc.c...
compiling stm32f10x_gpio.c...
compiling stm32f10x_i2c.c...
compiling stm32f10x_iwdg.c...
compiling stm32f10x_pwr.c...
compiling stm32f10x_rcc.c...
compiling stm32f10x_rtc.c...
compiling stm32f10x_sdio.c...
compiling stm32f10x_spi.c...
compiling stm32f10x_tim.c...
compiling stm32f10x_usart.c...
compiling stm32f10x_wwdg.c...
linking...
.\OBJ\tim3.axf: Error: L6218E: Undefined symbol send2 (referred from main.o).
.\OBJ\tim3.axf: Error: L6218E: Undefined symbol send4 (referred from main.o).
Target not created
Build target 'TIM3'
compiling main.c...
compiling stm32f10x_it.c...
compiling sys.c...
HARDWARE\sys\sys.c(15): error:  #20: identifier "NVIC_InitTypeDef" is undefined
HARDWARE\sys\sys.c(16): error:  #20: identifier "TIM_TimeBaseInitTypeDef" is undefined
HARDWARE\sys\sys.c(18): warning:  #223-D: function "RCC_APB1PeriphClockCmd" declared implicitly
HARDWARE\sys\sys.c(18): error:  #20: identifier "RCC_APB1Periph_TIM3" is undefined
HARDWARE\sys\sys.c(18): error:  #20: identifier "ENABLE" is undefined
HARDWARE\sys\sys.c(20): warning:  #223-D: function "TIM_DeInit" declared implicitly
HARDWARE\sys\sys.c(20): error:  #20: identifier "TIM3" is undefined
HARDWARE\sys\sys.c(24): error:  #20: identifier "TIM_CKD_DIV1" is undefined
HARDWARE\sys\sys.c(25): error:  #20: identifier "TIM_CounterMode_Up" is undefined
HARDWARE\sys\sys.c(26): warning:  #223-D: function "TIM_TimeBaseInit" declared implicitly
HARDWARE\sys\sys.c(28): warning:  #223-D: function "TIM_ClearFlag" declared implicitly
HARDWARE\sys\sys.c(28): error:  #20: identifier "TIM_FLAG_Update" is undefined
HARDWARE\sys\sys.c(30): warning:  #223-D: function "TIM_ITConfig" declared implicitly
HARDWARE\sys\sys.c(30): error:  #20: identifier "TIM_IT_Update" is undefined
HARDWARE\sys\sys.c(31): warning:  #223-D: function "TIM_Cmd" declared implicitly
HARDWARE\sys\sys.c(34): warning:  #223-D: function "NVIC_PriorityGroupConfig" declared implicitly
HARDWARE\sys\sys.c(34): error:  #20: identifier "NVIC_PriorityGroup_3" is undefined
HARDWARE\sys\sys.c(36): error:  #20: identifier "TIM3_IRQn" is undefined
HARDWARE\sys\sys.c(40): warning:  #223-D: function "NVIC_Init" declared implicitly
Target not created
Build target 'TIM3'
compiling sys.c...
linking...
Program Size: Code=5752 RO-data=336 RW-data=308 ZI-data=1636  
FromELF: creating hex file...
".\OBJ\tim3.axf" - 0 Error(s), 0 Warning(s).
Build target 'TIM3'
compiling sys.c...
linking...
Program Size: Code=5752 RO-data=336 RW-data=308 ZI-data=1636  
FromELF: creating hex file...
".\OBJ\tim3.axf" - 0 Error(s), 0 Warning(s).
Build target 'TIM3'
compiling main.c...
compiling stm32f10x_it.c...
compiling sys.c...
linking...
.\OBJ\tim3.axf: Error: L6218E: Undefined symbol count3 (referred from stm32f10x_it.o).
Target not created
Build target 'TIM3'
compiling main.c...
compiling stm32f10x_it.c...
USER\stm32f10x_it.c(155): error:  #20: identifier "count3" is undefined
Target not created
Build target 'TIM3'
compiling stm32f10x_it.c...
linking...
Program Size: Code=5664 RO-data=336 RW-data=44 ZI-data=1636  
FromELF: creating hex file...
".\OBJ\tim3.axf" - 0 Error(s), 0 Warning(s).
Build target 'TIM3'
compiling main.c...
compiling stm32f10x_it.c...
compiling sys.c...
linking...
Program Size: Code=6636 RO-data=336 RW-data=44 ZI-data=1636  
FromELF: creating hex file...
".\OBJ\tim3.axf" - 0 Error(s), 0 Warning(s).
